<?xml version="1.0" encoding="UTF-8"?>
<testng-results skipped="0" failed="0" total="2" passed="2">
  <reporter-output>
  </reporter-output>
  <suite name="Default suite" duration-ms="16205" started-at="2021-07-29T22:09:21Z" finished-at="2021-07-29T22:09:38Z">
    <groups>
    </groups>
    <test name="Default test" duration-ms="16205" started-at="2021-07-29T22:09:21Z" finished-at="2021-07-29T22:09:38Z">
      <class name="datadrivenframework.TestLoginLogout">
        <test-method status="PASS" signature="setUp()[pri:0, instance:datadrivenframework.TestLoginLogout@28864e92]" name="setUp" is-config="true" duration-ms="6983" started-at="2021-07-29T18:09:21Z" finished-at="2021-07-29T18:09:28Z">
          <reporter-output>
          </reporter-output>
        </test-method> <!-- setUp -->
        <test-method status="PASS" signature="testlogin(java.lang.String, java.lang.String)[pri:0, instance:datadrivenframework.TestLoginLogout@28864e92]" name="testlogin" duration-ms="431" started-at="2021-07-29T18:09:28Z" data-provider="actidata" finished-at="2021-07-29T18:09:29Z">
          <params>
            <param index="0">
              <value>
                <![CDATA[admin]]>
              </value>
            </param>
            <param index="1">
              <value>
                <![CDATA[manager]]>
              </value>
            </param>
          </params>
          <reporter-output>
          </reporter-output>
        </test-method> <!-- testlogin -->
        <test-method status="PASS" signature="tearDown()[pri:0, instance:datadrivenframework.TestLoginLogout@28864e92]" name="tearDown" is-config="true" duration-ms="1070" started-at="2021-07-29T18:09:29Z" finished-at="2021-07-29T18:09:30Z">
          <reporter-output>
          </reporter-output>
        </test-method> <!-- tearDown -->
        <test-method status="PASS" signature="setUp()[pri:0, instance:datadrivenframework.TestLoginLogout@28864e92]" name="setUp" is-config="true" duration-ms="6392" started-at="2021-07-29T18:09:30Z" finished-at="2021-07-29T18:09:36Z">
          <reporter-output>
          </reporter-output>
        </test-method> <!-- setUp -->
        <test-method status="PASS" signature="testlogin(java.lang.String, java.lang.String)[pri:0, instance:datadrivenframework.TestLoginLogout@28864e92]" name="testlogin" duration-ms="419" started-at="2021-07-29T18:09:36Z" data-provider="actidata" finished-at="2021-07-29T18:09:37Z">
          <params>
            <param index="0">
              <value>
                <![CDATA[admin]]>
              </value>
            </param>
            <param index="1">
              <value>
                <![CDATA[manager]]>
              </value>
            </param>
          </params>
          <reporter-output>
          </reporter-output>
        </test-method> <!-- testlogin -->
        <test-method status="PASS" signature="tearDown()[pri:0, instance:datadrivenframework.TestLoginLogout@28864e92]" name="tearDown" is-config="true" duration-ms="888" started-at="2021-07-29T18:09:37Z" finished-at="2021-07-29T18:09:38Z">
          <reporter-output>
          </reporter-output>
        </test-method> <!-- tearDown -->
      </class> <!-- datadrivenframework.TestLoginLogout -->
    </test> <!-- Default test -->
  </suite> <!-- Default suite -->
</testng-results>
